2026-07-21 09:34:14.219 +05:30 [ERR] Hosting failed to start
System.FormatException: Invalid url: 'https:localhost:6004'
   at Microsoft.AspNetCore.Http.BindingAddress.Parse(String address)
   at Microsoft.AspNetCore.Server.Kestrel.Core.Internal.AddressBinder.ParseAddress(String address, Boolean& https)
   at Microsoft.AspNetCore.Server.Kestrel.Core.Internal.AddressBinder.AddressesStrategy.BindAsync(AddressBindContext context, CancellationToken cancellationToken)
   at Microsoft.AspNetCore.Server.Kestrel.Core.KestrelServerImpl.BindAsync(CancellationToken cancellationToken)
   at Microsoft.AspNetCore.Server.Kestrel.Core.KestrelServerImpl.StartAsync[TContext](IHttpApplication`1 application, CancellationToken cancellationToken)
   at Microsoft.AspNetCore.Hosting.GenericWebHostService.StartAsync(CancellationToken cancellationToken)
   at Microsoft.Extensions.Hosting.Internal.Host.<StartAsync>b__14_1(IHostedService service, CancellationToken token)
   at Microsoft.Extensions.Hosting.Internal.Host.ForeachService[T](IEnumerable`1 services, CancellationToken token, Boolean concurrent, Boolean abortOnFirstException, List`1 exceptions, Func`3 operation)
2026-07-21 09:37:22.161 +05:30 [ERR] Hosting failed to start
System.FormatException: Invalid url: 'https:\\localhost:6004'
   at Microsoft.AspNetCore.Http.BindingAddress.Parse(String address)
   at Microsoft.AspNetCore.Server.Kestrel.Core.Internal.AddressBinder.ParseAddress(String address, Boolean& https)
   at Microsoft.AspNetCore.Server.Kestrel.Core.Internal.AddressBinder.AddressesStrategy.BindAsync(AddressBindContext context, CancellationToken cancellationToken)
   at Microsoft.AspNetCore.Server.Kestrel.Core.KestrelServerImpl.BindAsync(CancellationToken cancellationToken)
   at Microsoft.AspNetCore.Server.Kestrel.Core.KestrelServerImpl.StartAsync[TContext](IHttpApplication`1 application, CancellationToken cancellationToken)
   at Microsoft.AspNetCore.Hosting.GenericWebHostService.StartAsync(CancellationToken cancellationToken)
   at Microsoft.Extensions.Hosting.Internal.Host.<StartAsync>b__14_1(IHostedService service, CancellationToken token)
   at Microsoft.Extensions.Hosting.Internal.Host.ForeachService[T](IEnumerable`1 services, CancellationToken token, Boolean concurrent, Boolean abortOnFirstException, List`1 exceptions, Func`3 operation)
2026-07-21 09:41:29.727 +05:30 [INF] Now listening on: https://localhost:6004
2026-07-21 09:41:29.787 +05:30 [INF] Now listening on: http://localhost:6005
2026-07-21 09:41:29.863 +05:30 [INF] Application started. Press Ctrl+C to shut down.
2026-07-21 09:41:29.865 +05:30 [INF] Hosting environment: Development
2026-07-21 09:41:29.866 +05:30 [INF] Content root path: C:\Users\RB120485\OneDrive - Zensar Technologies Ltd\1OfficeWork-2026\1-Projects\DotNetProjects\1July26-Pool\dotnet-july26\ops-backend\src\Ops.API
