2026-07-24 09:17:33.814 +05:30 [INF] Now listening on: https://localhost:6004
2026-07-24 09:17:33.864 +05:30 [INF] Application started. Press Ctrl+C to shut down.
2026-07-24 09:17:33.865 +05:30 [INF] Hosting environment: Development
2026-07-24 09:17:33.866 +05:30 [INF] Content root path: C:\Users\RB120485\OneDrive - Zensar Technologies Ltd\1OfficeWork-2026\1-Projects\DotNetProjects\1July26-Pool\dotnet-july26\ops-backend\src\Ops.API
2026-07-24 09:18:47.225 +05:30 [INF] HTTP POST /api/Auth/login
2026-07-24 09:18:47.340 +05:30 [INF] MyMiddlewareTwo - Before next middleware
2026-07-24 09:18:51.580 +05:30 [INF] MyMiddlewareTwo - After next middleware
2026-07-24 09:18:51.586 +05:30 [INF] Response 200
2026-07-24 09:35:45.982 +05:30 [INF] HTTP POST /api/Auth/login
2026-07-24 09:35:46.000 +05:30 [INF] MyMiddlewareTwo - Before next middleware
2026-07-24 09:35:46.663 +05:30 [INF] MyMiddlewareTwo - After next middleware
2026-07-24 09:35:46.667 +05:30 [INF] Response 200
2026-07-24 09:42:36.134 +05:30 [INF] HTTP POST /api/Auth/login
2026-07-24 09:42:36.193 +05:30 [INF] MyMiddlewareTwo - Before next middleware
2026-07-24 09:42:36.651 +05:30 [INF] MyMiddlewareTwo - After next middleware
2026-07-24 09:42:36.654 +05:30 [INF] Response 200
2026-07-24 09:43:05.661 +05:30 [INF] HTTP POST /api/Auth/login
2026-07-24 09:43:05.665 +05:30 [INF] MyMiddlewareTwo - Before next middleware
2026-07-24 09:43:05.833 +05:30 [INF] MyMiddlewareTwo - After next middleware
2026-07-24 09:43:05.836 +05:30 [INF] Response 200
2026-07-24 11:48:10.817 +05:30 [INF] Application is shutting down...
