2026-07-20 09:40:04.444 +05:30 [INF] Now listening on: https://localhost:6004
2026-07-20 09:40:04.478 +05:30 [INF] Application started. Press Ctrl+C to shut down.
2026-07-20 09:40:04.480 +05:30 [INF] Hosting environment: Development
2026-07-20 09:40:04.482 +05:30 [INF] Content root path: C:\Users\RB120485\OneDrive - Zensar Technologies Ltd\1OfficeWork-2026\1-Projects\DotNetProjects\1July26-Pool\dotnet-july26\ops-backend\src\Ops.API
2026-07-20 09:42:49.839 +05:30 [INF] HTTP GET /api/Products
2026-07-20 09:42:50.170 +05:30 [INF] MyMiddlewareTwo - Before next middleware
2026-07-20 09:42:53.340 +05:30 [ERR] An error occurred using the connection to database 'opsdbjuly26' on server 'localhost'.
2026-07-20 09:42:53.402 +05:30 [ERR] An exception occurred while iterating over the results of a query for context type 'Ops.Infrastructure.Data.ApplicationDbContext'.
Microsoft.Data.SqlClient.SqlException (0x80131904): Login failed for user 'IND\RB120485'.
   at Microsoft.Data.SqlClient.SqlInternalConnection.OnError(SqlException exception, Boolean breakConnection, Action`1 wrapCloseInAction)
   at Microsoft.Data.SqlClient.TdsParser.ThrowExceptionAndWarning(TdsParserStateObject stateObj, SqlCommand command, Boolean callerHasConnectionLock, Boolean asyncClose)
   at Microsoft.Data.SqlClient.TdsParser.TryRun(RunBehavior runBehavior, SqlCommand cmdHandler, SqlDataReader dataStream, BulkCopySimpleResultSet bulkCopyHandler, TdsParserStateObject stateObj, Boolean& dataReady)
   at Microsoft.Data.SqlClient.TdsParser.Run(RunBehavior runBehavior, SqlCommand cmdHandler, SqlDataReader dataStream, BulkCopySimpleResultSet bulkCopyHandler, TdsParserStateObject stateObj)
   at Microsoft.Data.SqlClient.SqlInternalConnectionTds.CompleteLogin(Boolean enlistOK)
   at Microsoft.Data.SqlClient.SqlInternalConnectionTds.AttemptOneLogin(ServerInfo serverInfo, String newPassword, SecureString newSecurePassword, TimeoutTimer timeout, Boolean withFailover)
   at Microsoft.Data.SqlClient.SqlInternalConnectionTds.LoginNoFailover(ServerInfo serverInfo, String newPassword, SecureString newSecurePassword, Boolean redirectedUserInstance, SqlConnectionString connectionOptions, SqlCredential credential, TimeoutTimer timeout)
   at Microsoft.Data.SqlClient.SqlInternalConnectionTds.OpenLoginEnlist(TimeoutTimer timeout, SqlConnectionString connectionOptions, SqlCredential credential, String newPassword, SecureString newSecurePassword, Boolean redirectedUserInstance)
   at Microsoft.Data.SqlClient.SqlInternalConnectionTds..ctor(DbConnectionPoolIdentity identity, SqlConnectionString connectionOptions, SqlCredential credential, Object providerInfo, String newPassword, SecureString newSecurePassword, Boolean redirectedUserInstance, SqlConnectionString userConnectionOptions, SessionData reconnectSessionData, Boolean applyTransientFaultHandling, String accessToken, IDbConnectionPool pool, Func`3 accessTokenCallback)
   at Microsoft.Data.SqlClient.SqlConnectionFactory.CreateConnection(DbConnectionOptions options, DbConnectionPoolKey poolKey, DbConnectionPoolGroupProviderInfo poolGroupProviderInfo, IDbConnectionPool pool, DbConnection owningConnection, DbConnectionOptions userOptions)
   at Microsoft.Data.ProviderBase.DbConnectionFactory.CreatePooledConnection(IDbConnectionPool pool, DbConnection owningObject, DbConnectionOptions options, DbConnectionPoolKey poolKey, DbConnectionOptions userOptions)
   at Microsoft.Data.SqlClient.ConnectionPool.WaitHandleDbConnectionPool.CreateObject(DbConnection owningObject, DbConnectionOptions userOptions, DbConnectionInternal oldConnection)
   at Microsoft.Data.SqlClient.ConnectionPool.WaitHandleDbConnectionPool.UserCreateRequest(DbConnection owningObject, DbConnectionOptions userOptions, DbConnectionInternal oldConnection)
   at Microsoft.Data.SqlClient.ConnectionPool.WaitHandleDbConnectionPool.TryGetConnection(DbConnection owningObject, UInt32 waitForMultipleObjectsTimeout, Boolean allowCreate, Boolean onlyOneCheckConnection, DbConnectionOptions userOptions, DbConnectionInternal& connection)
   at Microsoft.Data.SqlClient.ConnectionPool.WaitHandleDbConnectionPool.WaitForPendingOpen()
--- End of stack trace from previous location ---
   at Microsoft.EntityFrameworkCore.Storage.RelationalConnection.OpenInternalAsync(Boolean errorsExpected, CancellationToken cancellationToken)
   at Microsoft.EntityFrameworkCore.Storage.RelationalConnection.OpenInternalAsync(Boolean errorsExpected, CancellationToken cancellationToken)
   at Microsoft.EntityFrameworkCore.Storage.RelationalConnection.OpenAsync(CancellationToken cancellationToken, Boolean errorsExpected)
   at Microsoft.EntityFrameworkCore.Storage.RelationalCommand.ExecuteReaderAsync(RelationalCommandParameterObject parameterObject, CancellationToken cancellationToken)
   at Microsoft.EntityFrameworkCore.Query.Internal.SingleQueryingEnumerable`1.AsyncEnumerator.InitializeReaderAsync(AsyncEnumerator enumerator, CancellationToken cancellationToken)
   at Microsoft.EntityFrameworkCore.SqlServer.Storage.Internal.SqlServerExecutionStrategy.ExecuteAsync[TState,TResult](TState state, Func`4 operation, Func`4 verifySucceeded, CancellationToken cancellationToken)
   at Microsoft.EntityFrameworkCore.Query.Internal.SingleQueryingEnumerable`1.AsyncEnumerator.MoveNextAsync()
ClientConnectionId:76086d7c-f19d-4ee0-8ae7-0d21414af40b
Error Number:18456,State:1,Class:14
Microsoft.Data.SqlClient.SqlException (0x80131904): Login failed for user 'IND\RB120485'.
   at Microsoft.Data.SqlClient.SqlInternalConnection.OnError(SqlException exception, Boolean breakConnection, Action`1 wrapCloseInAction)
   at Microsoft.Data.SqlClient.TdsParser.ThrowExceptionAndWarning(TdsParserStateObject stateObj, SqlCommand command, Boolean callerHasConnectionLock, Boolean asyncClose)
   at Microsoft.Data.SqlClient.TdsParser.TryRun(RunBehavior runBehavior, SqlCommand cmdHandler, SqlDataReader dataStream, BulkCopySimpleResultSet bulkCopyHandler, TdsParserStateObject stateObj, Boolean& dataReady)
   at Microsoft.Data.SqlClient.TdsParser.Run(RunBehavior runBehavior, SqlCommand cmdHandler, SqlDataReader dataStream, BulkCopySimpleResultSet bulkCopyHandler, TdsParserStateObject stateObj)
   at Microsoft.Data.SqlClient.SqlInternalConnectionTds.CompleteLogin(Boolean enlistOK)
   at Microsoft.Data.SqlClient.SqlInternalConnectionTds.AttemptOneLogin(ServerInfo serverInfo, String newPassword, SecureString newSecurePassword, TimeoutTimer timeout, Boolean withFailover)
   at Microsoft.Data.SqlClient.SqlInternalConnectionTds.LoginNoFailover(ServerInfo serverInfo, String newPassword, SecureString newSecurePassword, Boolean redirectedUserInstance, SqlConnectionString connectionOptions, SqlCredential credential, TimeoutTimer timeout)
   at Microsoft.Data.SqlClient.SqlInternalConnectionTds.OpenLoginEnlist(TimeoutTimer timeout, SqlConnectionString connectionOptions, SqlCredential credential, String newPassword, SecureString newSecurePassword, Boolean redirectedUserInstance)
   at Microsoft.Data.SqlClient.SqlInternalConnectionTds..ctor(DbConnectionPoolIdentity identity, SqlConnectionString connectionOptions, SqlCredential credential, Object providerInfo, String newPassword, SecureString newSecurePassword, Boolean redirectedUserInstance, SqlConnectionString userConnectionOptions, SessionData reconnectSessionData, Boolean applyTransientFaultHandling, String accessToken, IDbConnectionPool pool, Func`3 accessTokenCallback)
   at Microsoft.Data.SqlClient.SqlConnectionFactory.CreateConnection(DbConnectionOptions options, DbConnectionPoolKey poolKey, DbConnectionPoolGroupProviderInfo poolGroupProviderInfo, IDbConnectionPool pool, DbConnection owningConnection, DbConnectionOptions userOptions)
   at Microsoft.Data.ProviderBase.DbConnectionFactory.CreatePooledConnection(IDbConnectionPool pool, DbConnection owningObject, DbConnectionOptions options, DbConnectionPoolKey poolKey, DbConnectionOptions userOptions)
   at Microsoft.Data.SqlClient.ConnectionPool.WaitHandleDbConnectionPool.CreateObject(DbConnection owningObject, DbConnectionOptions userOptions, DbConnectionInternal oldConnection)
   at Microsoft.Data.SqlClient.ConnectionPool.WaitHandleDbConnectionPool.UserCreateRequest(DbConnection owningObject, DbConnectionOptions userOptions, DbConnectionInternal oldConnection)
   at Microsoft.Data.SqlClient.ConnectionPool.WaitHandleDbConnectionPool.TryGetConnection(DbConnection owningObject, UInt32 waitForMultipleObjectsTimeout, Boolean allowCreate, Boolean onlyOneCheckConnection, DbConnectionOptions userOptions, DbConnectionInternal& connection)
   at Microsoft.Data.SqlClient.ConnectionPool.WaitHandleDbConnectionPool.WaitForPendingOpen()
--- End of stack trace from previous location ---
   at Microsoft.EntityFrameworkCore.Storage.RelationalConnection.OpenInternalAsync(Boolean errorsExpected, CancellationToken cancellationToken)
   at Microsoft.EntityFrameworkCore.Storage.RelationalConnection.OpenInternalAsync(Boolean errorsExpected, CancellationToken cancellationToken)
   at Microsoft.EntityFrameworkCore.Storage.RelationalConnection.OpenAsync(CancellationToken cancellationToken, Boolean errorsExpected)
   at Microsoft.EntityFrameworkCore.Storage.RelationalCommand.ExecuteReaderAsync(RelationalCommandParameterObject parameterObject, CancellationToken cancellationToken)
   at Microsoft.EntityFrameworkCore.Query.Internal.SingleQueryingEnumerable`1.AsyncEnumerator.InitializeReaderAsync(AsyncEnumerator enumerator, CancellationToken cancellationToken)
   at Microsoft.EntityFrameworkCore.SqlServer.Storage.Internal.SqlServerExecutionStrategy.ExecuteAsync[TState,TResult](TState state, Func`4 operation, Func`4 verifySucceeded, CancellationToken cancellationToken)
   at Microsoft.EntityFrameworkCore.Query.Internal.SingleQueryingEnumerable`1.AsyncEnumerator.MoveNextAsync()
ClientConnectionId:76086d7c-f19d-4ee0-8ae7-0d21414af40b
Error Number:18456,State:1,Class:14
2026-07-20 09:42:53.482 +05:30 [ERR] An unhandled exception has occurred while executing the request.
Microsoft.Data.SqlClient.SqlException (0x80131904): Login failed for user 'IND\RB120485'.
   at Microsoft.Data.SqlClient.SqlInternalConnection.OnError(SqlException exception, Boolean breakConnection, Action`1 wrapCloseInAction)
   at Microsoft.Data.SqlClient.TdsParser.ThrowExceptionAndWarning(TdsParserStateObject stateObj, SqlCommand command, Boolean callerHasConnectionLock, Boolean asyncClose)
   at Microsoft.Data.SqlClient.TdsParser.TryRun(RunBehavior runBehavior, SqlCommand cmdHandler, SqlDataReader dataStream, BulkCopySimpleResultSet bulkCopyHandler, TdsParserStateObject stateObj, Boolean& dataReady)
   at Microsoft.Data.SqlClient.TdsParser.Run(RunBehavior runBehavior, SqlCommand cmdHandler, SqlDataReader dataStream, BulkCopySimpleResultSet bulkCopyHandler, TdsParserStateObject stateObj)
   at Microsoft.Data.SqlClient.SqlInternalConnectionTds.CompleteLogin(Boolean enlistOK)
   at Microsoft.Data.SqlClient.SqlInternalConnectionTds.AttemptOneLogin(ServerInfo serverInfo, String newPassword, SecureString newSecurePassword, TimeoutTimer timeout, Boolean withFailover)
   at Microsoft.Data.SqlClient.SqlInternalConnectionTds.LoginNoFailover(ServerInfo serverInfo, String newPassword, SecureString newSecurePassword, Boolean redirectedUserInstance, SqlConnectionString connectionOptions, SqlCredential credential, TimeoutTimer timeout)
   at Microsoft.Data.SqlClient.SqlInternalConnectionTds.OpenLoginEnlist(TimeoutTimer timeout, SqlConnectionString connectionOptions, SqlCredential credential, String newPassword, SecureString newSecurePassword, Boolean redirectedUserInstance)
   at Microsoft.Data.SqlClient.SqlInternalConnectionTds..ctor(DbConnectionPoolIdentity identity, SqlConnectionString connectionOptions, SqlCredential credential, Object providerInfo, String newPassword, SecureString newSecurePassword, Boolean redirectedUserInstance, SqlConnectionString userConnectionOptions, SessionData reconnectSessionData, Boolean applyTransientFaultHandling, String accessToken, IDbConnectionPool pool, Func`3 accessTokenCallback)
   at Microsoft.Data.SqlClient.SqlConnectionFactory.CreateConnection(DbConnectionOptions options, DbConnectionPoolKey poolKey, DbConnectionPoolGroupProviderInfo poolGroupProviderInfo, IDbConnectionPool pool, DbConnection owningConnection, DbConnectionOptions userOptions)
   at Microsoft.Data.ProviderBase.DbConnectionFactory.CreatePooledConnection(IDbConnectionPool pool, DbConnection owningObject, DbConnectionOptions options, DbConnectionPoolKey poolKey, DbConnectionOptions userOptions)
   at Microsoft.Data.SqlClient.ConnectionPool.WaitHandleDbConnectionPool.CreateObject(DbConnection owningObject, DbConnectionOptions userOptions, DbConnectionInternal oldConnection)
   at Microsoft.Data.SqlClient.ConnectionPool.WaitHandleDbConnectionPool.UserCreateRequest(DbConnection owningObject, DbConnectionOptions userOptions, DbConnectionInternal oldConnection)
   at Microsoft.Data.SqlClient.ConnectionPool.WaitHandleDbConnectionPool.TryGetConnection(DbConnection owningObject, UInt32 waitForMultipleObjectsTimeout, Boolean allowCreate, Boolean onlyOneCheckConnection, DbConnectionOptions userOptions, DbConnectionInternal& connection)
   at Microsoft.Data.SqlClient.ConnectionPool.WaitHandleDbConnectionPool.WaitForPendingOpen()
--- End of stack trace from previous location ---
   at Microsoft.EntityFrameworkCore.Storage.RelationalConnection.OpenInternalAsync(Boolean errorsExpected, CancellationToken cancellationToken)
   at Microsoft.EntityFrameworkCore.Storage.RelationalConnection.OpenInternalAsync(Boolean errorsExpected, CancellationToken cancellationToken)
   at Microsoft.EntityFrameworkCore.Storage.RelationalConnection.OpenAsync(CancellationToken cancellationToken, Boolean errorsExpected)
   at Microsoft.EntityFrameworkCore.Storage.RelationalCommand.ExecuteReaderAsync(RelationalCommandParameterObject parameterObject, CancellationToken cancellationToken)
   at Microsoft.EntityFrameworkCore.Query.Internal.SingleQueryingEnumerable`1.AsyncEnumerator.InitializeReaderAsync(AsyncEnumerator enumerator, CancellationToken cancellationToken)
   at Microsoft.EntityFrameworkCore.SqlServer.Storage.Internal.SqlServerExecutionStrategy.ExecuteAsync[TState,TResult](TState state, Func`4 operation, Func`4 verifySucceeded, CancellationToken cancellationToken)
   at Microsoft.EntityFrameworkCore.Query.Internal.SingleQueryingEnumerable`1.AsyncEnumerator.MoveNextAsync()
   at Microsoft.EntityFrameworkCore.EntityFrameworkQueryableExtensions.ToListAsync[TSource](IQueryable`1 source, CancellationToken cancellationToken)
   at Microsoft.EntityFrameworkCore.EntityFrameworkQueryableExtensions.ToListAsync[TSource](IQueryable`1 source, CancellationToken cancellationToken)
   at ProductRepository.GetAllAsync(CancellationToken cancellationToken) in C:\Users\RB120485\OneDrive - Zensar Technologies Ltd\1OfficeWork-2026\1-Projects\DotNetProjects\1July26-Pool\dotnet-july26\ops-backend\src\Ops.Infrastructure\Repositories\ProductRepository.cs:line 18
   at Ops.Application.Services.ProductService.GetAllAsync(CancellationToken cancellationToken) in C:\Users\RB120485\OneDrive - Zensar Technologies Ltd\1OfficeWork-2026\1-Projects\DotNetProjects\1July26-Pool\dotnet-july26\ops-backend\src\Ops.Application\Services\ProductService.cs:line 24
   at Ops.API.Controllers.ProductsController.GetAll(CancellationToken cancellationToken) in C:\Users\RB120485\OneDrive - Zensar Technologies Ltd\1OfficeWork-2026\1-Projects\DotNetProjects\1July26-Pool\dotnet-july26\ops-backend\src\Ops.API\Controllers\ProductsController.cs:line 24
   at Microsoft.AspNetCore.Mvc.Infrastructure.ActionMethodExecutor.TaskOfIActionResultExecutor.Execute(ActionContext actionContext, IActionResultTypeMapper mapper, ObjectMethodExecutor executor, Object controller, Object[] arguments)
   at Microsoft.AspNetCore.Mvc.Infrastructure.ControllerActionInvoker.<InvokeActionMethodAsync>g__Awaited|12_0(ControllerActionInvoker invoker, ValueTask`1 actionResultValueTask)
   at Microsoft.AspNetCore.Mvc.Infrastructure.ControllerActionInvoker.<InvokeNextActionFilterAsync>g__Awaited|10_0(ControllerActionInvoker invoker, Task lastTask, State next, Scope scope, Object state, Boolean isCompleted)
   at Microsoft.AspNetCore.Mvc.Infrastructure.ControllerActionInvoker.Rethrow(ActionExecutedContextSealed context)
   at Microsoft.AspNetCore.Mvc.Infrastructure.ControllerActionInvoker.Next(State& next, Scope& scope, Object& state, Boolean& isCompleted)
   at Microsoft.AspNetCore.Mvc.Infrastructure.ControllerActionInvoker.<InvokeInnerFilterAsync>g__Awaited|13_0(ControllerActionInvoker invoker, Task lastTask, State next, Scope scope, Object state, Boolean isCompleted)
   at Microsoft.AspNetCore.Mvc.Infrastructure.ResourceInvoker.<InvokeFilterPipelineAsync>g__Awaited|20_0(ResourceInvoker invoker, Task lastTask, State next, Scope scope, Object state, Boolean isCompleted)
   at Microsoft.AspNetCore.Mvc.Infrastructure.ResourceInvoker.<InvokeAsync>g__Awaited|17_0(ResourceInvoker invoker, Task task, IDisposable scope)
   at Microsoft.AspNetCore.Mvc.Infrastructure.ResourceInvoker.<InvokeAsync>g__Awaited|17_0(ResourceInvoker invoker, Task task, IDisposable scope)
   at Ops.API.Extensions.MiddlewareExtensions.<>c.<<UseApplicationPipeline>b__1_2>d.MoveNext() in C:\Users\RB120485\OneDrive - Zensar Technologies Ltd\1OfficeWork-2026\1-Projects\DotNetProjects\1July26-Pool\dotnet-july26\ops-backend\src\Ops.API\Extensions\MiddlewareExtensions.cs:line 73
--- End of stack trace from previous location ---
   at Ops.API.Middleware.MyMiddlewareThreeDI.InvokeAsync(HttpContext context, RequestDelegate next) in C:\Users\RB120485\OneDrive - Zensar Technologies Ltd\1OfficeWork-2026\1-Projects\DotNetProjects\1July26-Pool\dotnet-july26\ops-backend\src\Ops.API\Middleware\MyMiddlewareThreeDI.cs:line 8
   at Microsoft.AspNetCore.Builder.UseMiddlewareExtensions.InterfaceMiddlewareBinder.<>c__DisplayClass2_0.<<CreateMiddleware>b__0>d.MoveNext()
--- End of stack trace from previous location ---
   at Ops.API.Middleware.MyMiddlewareTwo.InvokeAsync(HttpContext context, ILogger`1 logger) in C:\Users\RB120485\OneDrive - Zensar Technologies Ltd\1OfficeWork-2026\1-Projects\DotNetProjects\1July26-Pool\dotnet-july26\ops-backend\src\Ops.API\Middleware\MyMiddlewareTwo.cs:line 16
   at Ops.API.Extensions.MiddlewareExtensions.<>c.<<UseApplicationPipeline>b__1_1>d.MoveNext() in C:\Users\RB120485\OneDrive - Zensar Technologies Ltd\1OfficeWork-2026\1-Projects\DotNetProjects\1July26-Pool\dotnet-july26\ops-backend\src\Ops.API\Extensions\MiddlewareExtensions.cs:line 59
--- End of stack trace from previous location ---
   at Microsoft.AspNetCore.Authorization.AuthorizationMiddleware.Invoke(HttpContext context)
   at Microsoft.AspNetCore.Authentication.AuthenticationMiddleware.Invoke(HttpContext context)
   at Ops.API.Middleware.RequestLoggingMiddleware.InvokeAsync(HttpContext context) in C:\Users\RB120485\OneDrive - Zensar Technologies Ltd\1OfficeWork-2026\1-Projects\DotNetProjects\1July26-Pool\dotnet-july26\ops-backend\src\Ops.API\Middleware\RequestLoggingMiddleware.cs:line 19
   at Swashbuckle.AspNetCore.SwaggerUI.SwaggerUIMiddleware.Invoke(HttpContext httpContext)
   at Swashbuckle.AspNetCore.Swagger.SwaggerMiddleware.Invoke(HttpContext httpContext, ISwaggerProvider swaggerProvider)
   at Microsoft.AspNetCore.Diagnostics.DeveloperExceptionPageMiddlewareImpl.Invoke(HttpContext context)
ClientConnectionId:76086d7c-f19d-4ee0-8ae7-0d21414af40b
Error Number:18456,State:1,Class:14
2026-07-20 09:43:16.147 +05:30 [INF] Application is shutting down...
2026-07-20 09:49:41.335 +05:30 [INF] Now listening on: https://localhost:6004
2026-07-20 09:49:41.424 +05:30 [INF] Application started. Press Ctrl+C to shut down.
2026-07-20 09:49:41.462 +05:30 [INF] Hosting environment: Development
2026-07-20 09:49:41.497 +05:30 [INF] Content root path: C:\Users\RB120485\OneDrive - Zensar Technologies Ltd\1OfficeWork-2026\1-Projects\DotNetProjects\1July26-Pool\dotnet-july26\ops-backend\src\Ops.API
2026-07-20 09:49:54.160 +05:30 [INF] HTTP GET /api/Products
2026-07-20 09:49:54.282 +05:30 [INF] MyMiddlewareTwo - Before next middleware
2026-07-20 09:49:57.968 +05:30 [INF] MyMiddlewareTwo - After next middleware
2026-07-20 09:49:57.975 +05:30 [INF] Response 200
2026-07-20 09:50:31.647 +05:30 [INF] HTTP POST /api/Products
2026-07-20 09:50:31.697 +05:30 [INF] Response 401
2026-07-20 09:51:28.333 +05:30 [INF] HTTP GET /api/Users
2026-07-20 09:51:28.342 +05:30 [INF] MyMiddlewareTwo - Before next middleware
2026-07-20 09:51:28.692 +05:30 [INF] MyMiddlewareTwo - After next middleware
2026-07-20 09:51:28.694 +05:30 [INF] Response 200
2026-07-20 09:52:07.447 +05:30 [INF] HTTP POST /api/Users
2026-07-20 09:52:07.453 +05:30 [INF] MyMiddlewareTwo - Before next middleware
2026-07-20 09:52:08.796 +05:30 [INF] MyMiddlewareTwo - After next middleware
2026-07-20 09:52:08.799 +05:30 [INF] Response 201
2026-07-20 09:52:27.931 +05:30 [INF] HTTP POST /api/Users
2026-07-20 09:52:27.952 +05:30 [INF] MyMiddlewareTwo - Before next middleware
2026-07-20 09:52:28.304 +05:30 [INF] MyMiddlewareTwo - After next middleware
2026-07-20 09:52:28.305 +05:30 [INF] Response 201
2026-07-20 09:52:49.954 +05:30 [INF] HTTP POST /api/Users
2026-07-20 09:52:49.964 +05:30 [INF] MyMiddlewareTwo - Before next middleware
2026-07-20 09:52:50.145 +05:30 [INF] MyMiddlewareTwo - After next middleware
2026-07-20 09:52:50.159 +05:30 [INF] Response 201
2026-07-20 09:53:08.677 +05:30 [INF] HTTP POST /api/Users
2026-07-20 09:53:08.694 +05:30 [INF] MyMiddlewareTwo - Before next middleware
2026-07-20 09:53:08.915 +05:30 [INF] MyMiddlewareTwo - After next middleware
2026-07-20 09:53:08.917 +05:30 [INF] Response 201
2026-07-20 09:53:30.145 +05:30 [INF] HTTP POST /api/Users
2026-07-20 09:53:30.202 +05:30 [INF] MyMiddlewareTwo - Before next middleware
2026-07-20 09:53:30.746 +05:30 [INF] MyMiddlewareTwo - After next middleware
2026-07-20 09:53:30.750 +05:30 [INF] Response 201
2026-07-20 09:53:38.754 +05:30 [INF] HTTP GET /api/Users
2026-07-20 09:53:38.798 +05:30 [INF] MyMiddlewareTwo - Before next middleware
2026-07-20 09:53:38.834 +05:30 [INF] MyMiddlewareTwo - After next middleware
2026-07-20 09:53:38.959 +05:30 [INF] Response 200
2026-07-20 09:56:01.426 +05:30 [INF] HTTP POST /api/Auth/login
2026-07-20 09:56:01.466 +05:30 [INF] MyMiddlewareTwo - Before next middleware
2026-07-20 09:56:01.911 +05:30 [INF] MyMiddlewareTwo - After next middleware
2026-07-20 09:56:01.914 +05:30 [INF] Response 200
2026-07-20 10:06:16.169 +05:30 [INF] HTTP POST /api/Products
2026-07-20 10:06:16.286 +05:30 [INF] MyMiddlewareTwo - Before next middleware
2026-07-20 10:06:16.605 +05:30 [INF] MyMiddlewareTwo - After next middleware
2026-07-20 10:06:16.607 +05:30 [INF] Response 201
2026-07-20 10:06:40.414 +05:30 [INF] HTTP POST /api/Products
2026-07-20 10:06:40.569 +05:30 [INF] MyMiddlewareTwo - Before next middleware
2026-07-20 10:06:40.598 +05:30 [INF] MyMiddlewareTwo - After next middleware
2026-07-20 10:06:40.599 +05:30 [INF] Response 201
2026-07-20 10:08:08.845 +05:30 [INF] HTTP POST /api/Auth/login
2026-07-20 10:08:08.850 +05:30 [INF] MyMiddlewareTwo - Before next middleware
2026-07-20 10:08:09.291 +05:30 [INF] MyMiddlewareTwo - After next middleware
2026-07-20 10:08:09.381 +05:30 [INF] Response 200
2026-07-20 10:08:58.828 +05:30 [INF] HTTP POST /api/Products
2026-07-20 10:08:58.851 +05:30 [INF] MyMiddlewareTwo - Before next middleware
2026-07-20 10:08:58.892 +05:30 [INF] MyMiddlewareTwo - After next middleware
2026-07-20 10:08:58.894 +05:30 [INF] Response 201
2026-07-20 10:10:59.320 +05:30 [INF] HTTP GET /api/Products
2026-07-20 10:10:59.349 +05:30 [INF] MyMiddlewareTwo - Before next middleware
2026-07-20 10:10:59.373 +05:30 [INF] MyMiddlewareTwo - After next middleware
2026-07-20 10:10:59.374 +05:30 [INF] Response 200
2026-07-20 10:11:23.434 +05:30 [INF] HTTP DELETE /api/Products/3
2026-07-20 10:11:23.604 +05:30 [INF] Response 403
2026-07-20 10:13:45.299 +05:30 [INF] HTTP POST /api/Auth/login
2026-07-20 10:13:45.304 +05:30 [INF] MyMiddlewareTwo - Before next middleware
2026-07-20 10:13:45.484 +05:30 [INF] MyMiddlewareTwo - After next middleware
2026-07-20 10:13:45.488 +05:30 [INF] Response 200
2026-07-20 10:14:40.886 +05:30 [INF] HTTP DELETE /api/Products/3
2026-07-20 10:14:40.937 +05:30 [INF] MyMiddlewareTwo - Before next middleware
2026-07-20 10:14:41.147 +05:30 [INF] MyMiddlewareTwo - After next middleware
2026-07-20 10:14:41.149 +05:30 [INF] Response 204
2026-07-20 10:15:43.931 +05:30 [INF] HTTP GET /api/Products
2026-07-20 10:15:44.095 +05:30 [INF] MyMiddlewareTwo - Before next middleware
2026-07-20 10:15:44.129 +05:30 [INF] MyMiddlewareTwo - After next middleware
2026-07-20 10:15:44.134 +05:30 [INF] Response 200
2026-07-20 11:51:19.409 +05:30 [INF] HTTP GET /api/Products
2026-07-20 11:51:19.646 +05:30 [INF] MyMiddlewareTwo - Before next middleware
2026-07-20 11:51:21.901 +05:30 [INF] MyMiddlewareTwo - After next middleware
2026-07-20 11:51:21.904 +05:30 [INF] Response 200
2026-07-20 11:52:05.475 +05:30 [INF] HTTP POST /api/Products
2026-07-20 11:52:05.508 +05:30 [INF] Response 401
2026-07-20 11:53:03.539 +05:30 [INF] HTTP POST /api/Auth/login
2026-07-20 11:53:03.547 +05:30 [INF] MyMiddlewareTwo - Before next middleware
2026-07-20 11:53:04.083 +05:30 [INF] MyMiddlewareTwo - After next middleware
2026-07-20 11:53:04.085 +05:30 [INF] Response 200
2026-07-20 11:53:40.752 +05:30 [INF] HTTP POST /api/Products
2026-07-20 11:53:40.784 +05:30 [INF] MyMiddlewareTwo - Before next middleware
2026-07-20 11:53:41.165 +05:30 [INF] MyMiddlewareTwo - After next middleware
2026-07-20 11:53:41.167 +05:30 [INF] Response 201
2026-07-20 12:02:25.195 +05:30 [INF] Now listening on: https://localhost:6004
2026-07-20 12:02:25.225 +05:30 [INF] Application started. Press Ctrl+C to shut down.
2026-07-20 12:02:25.226 +05:30 [INF] Hosting environment: Development
2026-07-20 12:02:25.227 +05:30 [INF] Content root path: C:\Users\RB120485\OneDrive - Zensar Technologies Ltd\1OfficeWork-2026\1-Projects\DotNetProjects\1July26-Pool\dotnet-july26\ops-backend\src\Ops.API
2026-07-20 12:10:43.666 +05:30 [INF] Application is shutting down...
2026-07-20 14:20:22.942 +05:30 [INF] Now listening on: https://localhost:6004
2026-07-20 14:20:23.156 +05:30 [INF] Now listening on: http://localhost:6005
2026-07-20 14:20:24.068 +05:30 [INF] Application started. Press Ctrl+C to shut down.
2026-07-20 14:20:24.099 +05:30 [INF] Hosting environment: Development
2026-07-20 14:20:24.105 +05:30 [INF] Content root path: C:\Users\RB120485\OneDrive - Zensar Technologies Ltd\1OfficeWork-2026\1-Projects\DotNetProjects\1July26-Pool\dotnet-july26\ops-backend\src\Ops.API
