2026-07-22 09:44:25.098 +05:30 [INF] Now listening on: https://localhost:6004
2026-07-22 09:44:25.169 +05:30 [INF] Application started. Press Ctrl+C to shut down.
2026-07-22 09:44:25.178 +05:30 [INF] Hosting environment: Development
2026-07-22 09:44:25.181 +05:30 [INF] Content root path: C:\Users\RB120485\OneDrive - Zensar Technologies Ltd\1OfficeWork-2026\1-Projects\DotNetProjects\1July26-Pool\dotnet-july26\ops-backend\src\Ops.API
2026-07-22 10:31:41.886 +05:30 [INF] HTTP POST /api/Auth/login
2026-07-22 10:31:41.978 +05:30 [INF] MyMiddlewareTwo - Before next middleware
2026-07-22 10:31:44.644 +05:30 [INF] MyMiddlewareTwo - After next middleware
2026-07-22 10:31:44.648 +05:30 [INF] Response 200
2026-07-22 10:35:18.398 +05:30 [INF] HTTP POST /api/Auth/login
2026-07-22 10:35:18.405 +05:30 [INF] MyMiddlewareTwo - Before next middleware
2026-07-22 10:35:18.618 +05:30 [INF] MyMiddlewareTwo - After next middleware
2026-07-22 10:35:18.619 +05:30 [INF] Response 200
2026-07-22 10:37:20.146 +05:30 [INF] HTTP POST /api/Auth/login
2026-07-22 10:37:20.156 +05:30 [INF] MyMiddlewareTwo - Before next middleware
2026-07-22 10:37:20.279 +05:30 [INF] MyMiddlewareTwo - After next middleware
2026-07-22 10:37:20.280 +05:30 [INF] Response 200
2026-07-22 10:43:37.025 +05:30 [INF] HTTP POST /api/Auth/login
2026-07-22 10:43:37.028 +05:30 [INF] MyMiddlewareTwo - Before next middleware
2026-07-22 10:43:37.130 +05:30 [INF] MyMiddlewareTwo - After next middleware
2026-07-22 10:43:37.131 +05:30 [INF] Response 200
2026-07-22 11:32:18.063 +05:30 [INF] HTTP POST /api/Auth/login
2026-07-22 11:32:18.066 +05:30 [INF] MyMiddlewareTwo - Before next middleware
2026-07-22 11:32:18.140 +05:30 [ERR] An unhandled exception has occurred while executing the request.
System.UnauthorizedAccessException: Invalid username or password.
   at Ops.Application.Services.AuthService.LoginAsync(LoginRequestDto dto, CancellationToken cancellationToken) in C:\Users\RB120485\OneDrive - Zensar Technologies Ltd\1OfficeWork-2026\1-Projects\DotNetProjects\1July26-Pool\dotnet-july26\ops-backend\src\Ops.Application\Services\AuthService.cs:line 31
   at Ops.API.Controllers.AuthController.Login(LoginRequestDto dto, CancellationToken cancellationToken) in C:\Users\RB120485\OneDrive - Zensar Technologies Ltd\1OfficeWork-2026\1-Projects\DotNetProjects\1July26-Pool\dotnet-july26\ops-backend\src\Ops.API\Controllers\AuthController.cs:line 23
   at Microsoft.AspNetCore.Mvc.Infrastructure.ActionMethodExecutor.TaskOfIActionResultExecutor.Execute(ActionContext actionContext, IActionResultTypeMapper mapper, ObjectMethodExecutor executor, Object controller, Object[] arguments)
   at Microsoft.AspNetCore.Mvc.Infrastructure.ControllerActionInvoker.<InvokeActionMethodAsync>g__Awaited|12_0(ControllerActionInvoker invoker, ValueTask`1 actionResultValueTask)
   at Microsoft.AspNetCore.Mvc.Infrastructure.ControllerActionInvoker.<InvokeNextActionFilterAsync>g__Awaited|10_0(ControllerActionInvoker invoker, Task lastTask, State next, Scope scope, Object state, Boolean isCompleted)
   at Microsoft.AspNetCore.Mvc.Infrastructure.ControllerActionInvoker.Rethrow(ActionExecutedContextSealed context)
   at Microsoft.AspNetCore.Mvc.Infrastructure.ControllerActionInvoker.Next(State& next, Scope& scope, Object& state, Boolean& isCompleted)
   at Microsoft.AspNetCore.Mvc.Infrastructure.ControllerActionInvoker.<InvokeInnerFilterAsync>g__Awaited|13_0(ControllerActionInvoker invoker, Task lastTask, State next, Scope scope, Object state, Boolean isCompleted)
   at Microsoft.AspNetCore.Mvc.Infrastructure.ResourceInvoker.<InvokeFilterPipelineAsync>g__Awaited|20_0(ResourceInvoker invoker, Task lastTask, State next, Scope scope, Object state, Boolean isCompleted)
   at Microsoft.AspNetCore.Mvc.Infrastructure.ResourceInvoker.<InvokeAsync>g__Awaited|17_0(ResourceInvoker invoker, Task task, IDisposable scope)
   at Microsoft.AspNetCore.Mvc.Infrastructure.ResourceInvoker.<InvokeAsync>g__Awaited|17_0(ResourceInvoker invoker, Task task, IDisposable scope)
   at Ops.API.Extensions.MiddlewareExtensions.<>c.<<UseApplicationPipeline>b__1_2>d.MoveNext() in C:\Users\RB120485\OneDrive - Zensar Technologies Ltd\1OfficeWork-2026\1-Projects\DotNetProjects\1July26-Pool\dotnet-july26\ops-backend\src\Ops.API\Extensions\MiddlewareExtensions.cs:line 73
--- End of stack trace from previous location ---
   at Ops.API.Middleware.MyMiddlewareThreeDI.InvokeAsync(HttpContext context, RequestDelegate next) in C:\Users\RB120485\OneDrive - Zensar Technologies Ltd\1OfficeWork-2026\1-Projects\DotNetProjects\1July26-Pool\dotnet-july26\ops-backend\src\Ops.API\Middleware\MyMiddlewareThreeDI.cs:line 8
   at Microsoft.AspNetCore.Builder.UseMiddlewareExtensions.InterfaceMiddlewareBinder.<>c__DisplayClass2_0.<<CreateMiddleware>b__0>d.MoveNext()
--- End of stack trace from previous location ---
   at Ops.API.Middleware.MyMiddlewareTwo.InvokeAsync(HttpContext context, ILogger`1 logger) in C:\Users\RB120485\OneDrive - Zensar Technologies Ltd\1OfficeWork-2026\1-Projects\DotNetProjects\1July26-Pool\dotnet-july26\ops-backend\src\Ops.API\Middleware\MyMiddlewareTwo.cs:line 16
   at Ops.API.Extensions.MiddlewareExtensions.<>c.<<UseApplicationPipeline>b__1_1>d.MoveNext() in C:\Users\RB120485\OneDrive - Zensar Technologies Ltd\1OfficeWork-2026\1-Projects\DotNetProjects\1July26-Pool\dotnet-july26\ops-backend\src\Ops.API\Extensions\MiddlewareExtensions.cs:line 59
--- End of stack trace from previous location ---
   at Microsoft.AspNetCore.Authorization.AuthorizationMiddleware.Invoke(HttpContext context)
   at Microsoft.AspNetCore.Authentication.AuthenticationMiddleware.Invoke(HttpContext context)
   at Ops.API.Middleware.RequestLoggingMiddleware.InvokeAsync(HttpContext context) in C:\Users\RB120485\OneDrive - Zensar Technologies Ltd\1OfficeWork-2026\1-Projects\DotNetProjects\1July26-Pool\dotnet-july26\ops-backend\src\Ops.API\Middleware\RequestLoggingMiddleware.cs:line 19
   at Swashbuckle.AspNetCore.SwaggerUI.SwaggerUIMiddleware.Invoke(HttpContext httpContext)
   at Swashbuckle.AspNetCore.Swagger.SwaggerMiddleware.Invoke(HttpContext httpContext, ISwaggerProvider swaggerProvider)
   at Microsoft.AspNetCore.Diagnostics.DeveloperExceptionPageMiddlewareImpl.Invoke(HttpContext context)
2026-07-22 11:42:55.711 +05:30 [INF] HTTP POST /api/Auth/login
2026-07-22 11:42:55.715 +05:30 [INF] MyMiddlewareTwo - Before next middleware
2026-07-22 11:42:55.900 +05:30 [INF] MyMiddlewareTwo - After next middleware
2026-07-22 11:42:55.902 +05:30 [INF] Response 200
2026-07-22 11:54:32.980 +05:30 [INF] HTTP POST /api/Auth/login
2026-07-22 11:54:32.996 +05:30 [INF] MyMiddlewareTwo - Before next middleware
2026-07-22 11:54:33.038 +05:30 [ERR] An unhandled exception has occurred while executing the request.
System.UnauthorizedAccessException: Invalid username or password.
   at Ops.Application.Services.AuthService.LoginAsync(LoginRequestDto dto, CancellationToken cancellationToken) in C:\Users\RB120485\OneDrive - Zensar Technologies Ltd\1OfficeWork-2026\1-Projects\DotNetProjects\1July26-Pool\dotnet-july26\ops-backend\src\Ops.Application\Services\AuthService.cs:line 31
   at Ops.API.Controllers.AuthController.Login(LoginRequestDto dto, CancellationToken cancellationToken) in C:\Users\RB120485\OneDrive - Zensar Technologies Ltd\1OfficeWork-2026\1-Projects\DotNetProjects\1July26-Pool\dotnet-july26\ops-backend\src\Ops.API\Controllers\AuthController.cs:line 23
   at Microsoft.AspNetCore.Mvc.Infrastructure.ActionMethodExecutor.TaskOfIActionResultExecutor.Execute(ActionContext actionContext, IActionResultTypeMapper mapper, ObjectMethodExecutor executor, Object controller, Object[] arguments)
   at Microsoft.AspNetCore.Mvc.Infrastructure.ControllerActionInvoker.<InvokeActionMethodAsync>g__Awaited|12_0(ControllerActionInvoker invoker, ValueTask`1 actionResultValueTask)
   at Microsoft.AspNetCore.Mvc.Infrastructure.ControllerActionInvoker.<InvokeNextActionFilterAsync>g__Awaited|10_0(ControllerActionInvoker invoker, Task lastTask, State next, Scope scope, Object state, Boolean isCompleted)
   at Microsoft.AspNetCore.Mvc.Infrastructure.ControllerActionInvoker.Rethrow(ActionExecutedContextSealed context)
   at Microsoft.AspNetCore.Mvc.Infrastructure.ControllerActionInvoker.Next(State& next, Scope& scope, Object& state, Boolean& isCompleted)
   at Microsoft.AspNetCore.Mvc.Infrastructure.ControllerActionInvoker.<InvokeInnerFilterAsync>g__Awaited|13_0(ControllerActionInvoker invoker, Task lastTask, State next, Scope scope, Object state, Boolean isCompleted)
   at Microsoft.AspNetCore.Mvc.Infrastructure.ResourceInvoker.<InvokeFilterPipelineAsync>g__Awaited|20_0(ResourceInvoker invoker, Task lastTask, State next, Scope scope, Object state, Boolean isCompleted)
   at Microsoft.AspNetCore.Mvc.Infrastructure.ResourceInvoker.<InvokeAsync>g__Awaited|17_0(ResourceInvoker invoker, Task task, IDisposable scope)
   at Microsoft.AspNetCore.Mvc.Infrastructure.ResourceInvoker.<InvokeAsync>g__Awaited|17_0(ResourceInvoker invoker, Task task, IDisposable scope)
   at Ops.API.Extensions.MiddlewareExtensions.<>c.<<UseApplicationPipeline>b__1_2>d.MoveNext() in C:\Users\RB120485\OneDrive - Zensar Technologies Ltd\1OfficeWork-2026\1-Projects\DotNetProjects\1July26-Pool\dotnet-july26\ops-backend\src\Ops.API\Extensions\MiddlewareExtensions.cs:line 73
--- End of stack trace from previous location ---
   at Ops.API.Middleware.MyMiddlewareThreeDI.InvokeAsync(HttpContext context, RequestDelegate next) in C:\Users\RB120485\OneDrive - Zensar Technologies Ltd\1OfficeWork-2026\1-Projects\DotNetProjects\1July26-Pool\dotnet-july26\ops-backend\src\Ops.API\Middleware\MyMiddlewareThreeDI.cs:line 8
   at Microsoft.AspNetCore.Builder.UseMiddlewareExtensions.InterfaceMiddlewareBinder.<>c__DisplayClass2_0.<<CreateMiddleware>b__0>d.MoveNext()
--- End of stack trace from previous location ---
   at Ops.API.Middleware.MyMiddlewareTwo.InvokeAsync(HttpContext context, ILogger`1 logger) in C:\Users\RB120485\OneDrive - Zensar Technologies Ltd\1OfficeWork-2026\1-Projects\DotNetProjects\1July26-Pool\dotnet-july26\ops-backend\src\Ops.API\Middleware\MyMiddlewareTwo.cs:line 16
   at Ops.API.Extensions.MiddlewareExtensions.<>c.<<UseApplicationPipeline>b__1_1>d.MoveNext() in C:\Users\RB120485\OneDrive - Zensar Technologies Ltd\1OfficeWork-2026\1-Projects\DotNetProjects\1July26-Pool\dotnet-july26\ops-backend\src\Ops.API\Extensions\MiddlewareExtensions.cs:line 59
--- End of stack trace from previous location ---
   at Microsoft.AspNetCore.Authorization.AuthorizationMiddleware.Invoke(HttpContext context)
   at Microsoft.AspNetCore.Authentication.AuthenticationMiddleware.Invoke(HttpContext context)
   at Ops.API.Middleware.RequestLoggingMiddleware.InvokeAsync(HttpContext context) in C:\Users\RB120485\OneDrive - Zensar Technologies Ltd\1OfficeWork-2026\1-Projects\DotNetProjects\1July26-Pool\dotnet-july26\ops-backend\src\Ops.API\Middleware\RequestLoggingMiddleware.cs:line 19
   at Swashbuckle.AspNetCore.SwaggerUI.SwaggerUIMiddleware.Invoke(HttpContext httpContext)
   at Swashbuckle.AspNetCore.Swagger.SwaggerMiddleware.Invoke(HttpContext httpContext, ISwaggerProvider swaggerProvider)
   at Microsoft.AspNetCore.Diagnostics.DeveloperExceptionPageMiddlewareImpl.Invoke(HttpContext context)
2026-07-22 11:55:07.981 +05:30 [INF] HTTP POST /api/Auth/login
2026-07-22 11:55:07.984 +05:30 [INF] MyMiddlewareTwo - Before next middleware
2026-07-22 11:55:08.123 +05:30 [INF] MyMiddlewareTwo - After next middleware
2026-07-22 11:55:08.139 +05:30 [INF] Response 200
2026-07-22 11:56:22.864 +05:30 [INF] HTTP POST /api/Auth/login
2026-07-22 11:56:22.868 +05:30 [INF] MyMiddlewareTwo - Before next middleware
2026-07-22 11:56:22.998 +05:30 [INF] MyMiddlewareTwo - After next middleware
2026-07-22 11:56:22.999 +05:30 [INF] Response 200
2026-07-22 11:57:52.757 +05:30 [INF] HTTP POST /api/Auth/login
2026-07-22 11:57:52.762 +05:30 [INF] MyMiddlewareTwo - Before next middleware
2026-07-22 11:57:52.916 +05:30 [INF] MyMiddlewareTwo - After next middleware
2026-07-22 11:57:52.920 +05:30 [INF] Response 200
2026-07-22 11:58:10.357 +05:30 [INF] HTTP POST /api/Auth/login
2026-07-22 11:58:10.368 +05:30 [INF] MyMiddlewareTwo - Before next middleware
2026-07-22 11:58:10.531 +05:30 [INF] MyMiddlewareTwo - After next middleware
2026-07-22 11:58:10.532 +05:30 [INF] Response 200
2026-07-22 12:00:22.677 +05:30 [INF] Application is shutting down...
